#
# There is insufficient memory for the Java Runtime Environment to continue.
# Native memory allocation (mmap) failed to map 433061888 bytes for G1 virtual space
# Possible reasons:
#   The system is out of physical RAM or swap space
#   The process is running with CompressedOops enabled, and the Java Heap may be blocking the growth of the native heap
# Possible solutions:
#   Reduce memory load on the system
#   Increase physical memory or swap space
#   Check if swap backing store is full
#   Decrease Java heap size (-Xmx/-Xms)
#   Decrease number of Java threads
#   Decrease Java thread stack sizes (-Xss)
#   Set larger code cache with -XX:ReservedCodeCacheSize=
#   JVM is running with Unscaled Compressed Oops mode in which the Java heap is
#     placed in the first 4GB address space. The Java Heap base address is the
#     maximum limit for the native heap growth. Please use -XX:HeapBaseMinAddress
#     to set the Java Heap base and to place the Java Heap above 4GB virtual address.
# This output file may be truncated or incomplete.
#
#  Out of Memory Error (os_windows.cpp:3769), pid=6384, tid=6696
#
# JRE version: OpenJDK Runtime Environment (17.0.6) (build 17.0.6+0-b2043.56-9586694)
# Java VM: OpenJDK 64-Bit Server VM (17.0.6+0-b2043.56-9586694, mixed mode, tiered, compressed oops, compressed class ptrs, g1 gc, windows-amd64)
# No core dump will be written. Minidumps are not enabled by default on client versions of Windows
#

---------------  S U M M A R Y ------------

Command Line: --add-opens=java.base/java.util.concurrent.atomic=ALL-UNNAMED -javaagent:C:\Program Files\Android\Android Studio\plugins\android\resources\trace_agent.jar=C:\Users\patri\AppData\Local\Temp\sync.trace.profile --add-opens=java.base/java.util=ALL-UNNAMED --add-opens=java.base/java.lang=ALL-UNNAMED --add-opens=java.base/java.lang.invoke=ALL-UNNAMED --add-opens=java.prefs/java.util.prefs=ALL-UNNAMED --add-opens=java.base/java.nio.charset=ALL-UNNAMED --add-opens=java.base/java.net=ALL-UNNAMED --add-opens=java.base/java.util.concurrent.atomic=ALL-UNNAMED -Xmx2048m -Dfile.encoding=UTF-8 -Duser.country=GB -Duser.language=en -Duser.variant org.gradle.launcher.daemon.bootstrap.GradleDaemon 8.0

Host: Intel(R) Celeron(R) N4000 CPU @ 1.10GHz, 2 cores, 3G,  Windows 11 , 64 bit Build 22621 (10.0.22621.2506)
Time: Mon Dec 11 21:06:53 2023 GMT Standard Time elapsed time: 156.217614 seconds (0d 0h 2m 36s)

---------------  T H R E A D  ---------------

Current thread (0x000001b67c10f780):  VMThread "VM Thread" [stack: 0x0000001689b00000,0x0000001689c00000] [id=6696]

Stack: [0x0000001689b00000,0x0000001689c00000]
Native frames: (J=compiled Java code, j=interpreted, Vv=VM code, C=native code)
V  [jvm.dll+0x683b4a]
V  [jvm.dll+0x842654]
V  [jvm.dll+0x843dfe]
V  [jvm.dll+0x844463]
V  [jvm.dll+0x249b75]
V  [jvm.dll+0x680a19]
V  [jvm.dll+0x674f0a]
V  [jvm.dll+0x309acb]
V  [jvm.dll+0x310f86]
V  [jvm.dll+0x3608ee]
V  [jvm.dll+0x360b1f]
V  [jvm.dll+0x2dfbf8]
V  [jvm.dll+0x2ddec4]
V  [jvm.dll+0x2dd4cc]
V  [jvm.dll+0x322261]
V  [jvm.dll+0x84893b]
V  [jvm.dll+0x849674]
V  [jvm.dll+0x849b8d]
V  [jvm.dll+0x849f64]
V  [jvm.dll+0x84a030]
V  [jvm.dll+0x7f25fa]
V  [jvm.dll+0x682985]
C  [ucrtbase.dll+0x29363]
C  [KERNEL32.DLL+0x1257d]
C  [ntdll.dll+0x5aa58]

VM_Operation (0x000000168b1fb510): G1TryInitiateConcMark, mode: safepoint, requested by thread 0x000001b600966690


---------------  P R O C E S S  ---------------

Threads class SMR info:
_java_thread_list=0x000001b67de6d750, length=65, elements={
0x000001b662f0f1a0, 0x000001b67c168890, 0x000001b67c169db0, 0x000001b67c173f50,
0x000001b67cc00930, 0x000001b67cc02650, 0x000001b67c1af120, 0x000001b67c1afe00,
0x000001b67cc4c740, 0x000001b67cc5f3e0, 0x000001b67cc9d050, 0x000001b67cfad4c0,
0x000001b67dbdc130, 0x000001b60080aac0, 0x000001b67e72d040, 0x000001b600a91770,
0x000001b6001f8a60, 0x000001b6008be610, 0x000001b6008bdc70, 0x000001b6008c0c90,
0x000001b6008bf480, 0x000001b6008c02f0, 0x000001b6008c07c0, 0x000001b6008beae0,
0x000001b6008c1160, 0x000001b6008c1630, 0x000001b600453c40, 0x000001b600454110,
0x000001b6004545e0, 0x000001b600454ab0, 0x000001b600455450, 0x000001b6004562c0,
0x000001b600457130, 0x000001b600455920, 0x000001b600457fa0, 0x000001b600458940,
0x000001b6004592e0, 0x000001b6004597b0, 0x000001b60045a150, 0x000001b60045a620,
0x000001b60045aaf0, 0x000001b67d0ee030, 0x000001b67d0edb60, 0x000001b67d0ed1c0,
0x000001b67d0ec350, 0x000001b67d0ec820, 0x000001b67d0eeea0, 0x000001b67d0ee9d0,
0x000001b67d0f2390, 0x000001b67d0ee500, 0x000001b67d0ef370, 0x000001b67d0eccf0,
0x000001b67d0f19f0, 0x000001b67d0ef840, 0x000001b67d0efd10, 0x000001b67d0f2d30,
0x000001b67d0f01e0, 0x000001b67d0f06b0, 0x000001b67d0eb4e0, 0x000001b600966690,
0x000001b60096a520, 0x000001b600965820, 0x000001b6009679d0, 0x000001b60096c200,
0x000001b60096aec0
}

Java Threads: ( => current thread )
  0x000001b662f0f1a0 JavaThread "main" [_thread_blocked, id=9184, stack(0x0000001689500000,0x0000001689600000)]
  0x000001b67c168890 JavaThread "Reference Handler" daemon [_thread_blocked, id=17224, stack(0x0000001689c00000,0x0000001689d00000)]
  0x000001b67c169db0 JavaThread "Finalizer" daemon [_thread_blocked, id=7612, stack(0x0000001689d00000,0x0000001689e00000)]
  0x000001b67c173f50 JavaThread "Signal Dispatcher" daemon [_thread_blocked, id=12692, stack(0x0000001689e00000,0x0000001689f00000)]
  0x000001b67cc00930 JavaThread "Attach Listener" daemon [_thread_blocked, id=15384, stack(0x0000001689f00000,0x000000168a000000)]
  0x000001b67cc02650 JavaThread "Service Thread" daemon [_thread_blocked, id=16028, stack(0x000000168a000000,0x000000168a100000)]
  0x000001b67c1af120 JavaThread "Monitor Deflation Thread" daemon [_thread_blocked, id=10256, stack(0x000000168a100000,0x000000168a200000)]
  0x000001b67c1afe00 JavaThread "C2 CompilerThread0" daemon [_thread_blocked, id=12248, stack(0x000000168a200000,0x000000168a300000)]
  0x000001b67cc4c740 JavaThread "C1 CompilerThread0" daemon [_thread_blocked, id=5240, stack(0x000000168a300000,0x000000168a400000)]
  0x000001b67cc5f3e0 JavaThread "Sweeper thread" daemon [_thread_blocked, id=16288, stack(0x000000168a400000,0x000000168a500000)]
  0x000001b67cc9d050 JavaThread "Common-Cleaner" daemon [_thread_blocked, id=2224, stack(0x000000168a500000,0x000000168a600000)]
  0x000001b67cfad4c0 JavaThread "Notification Thread" daemon [_thread_blocked, id=5040, stack(0x000000168a700000,0x000000168a800000)]
  0x000001b67dbdc130 JavaThread "Daemon health stats" [_thread_blocked, id=16172, stack(0x000000168a900000,0x000000168aa00000)]
  0x000001b60080aac0 JavaThread "Incoming local TCP Connector on port 65468" [_thread_in_native, id=8132, stack(0x000000168aa00000,0x000000168ab00000)]
  0x000001b67e72d040 JavaThread "Daemon periodic checks" [_thread_blocked, id=8896, stack(0x000000168ab00000,0x000000168ac00000)]
  0x000001b600a91770 JavaThread "Daemon" [_thread_blocked, id=11440, stack(0x000000168ac00000,0x000000168ad00000)]
  0x000001b6001f8a60 JavaThread "Handler for socket connection from /127.0.0.1:65468 to /127.0.0.1:65469" [_thread_in_native, id=9288, stack(0x000000168ad00000,0x000000168ae00000)]
  0x000001b6008be610 JavaThread "Cancel handler" [_thread_blocked, id=1288, stack(0x000000168ae00000,0x000000168af00000)]
  0x000001b6008bdc70 JavaThread "Daemon worker" [_thread_blocked, id=15336, stack(0x000000168af00000,0x000000168b000000)]
  0x000001b6008c0c90 JavaThread "Asynchronous log dispatcher for DefaultDaemonConnection: socket connection from /127.0.0.1:65468 to /127.0.0.1:65469" [_thread_blocked, id=6664, stack(0x000000168b000000,0x000000168b100000)]
  0x000001b6008bf480 JavaThread "Daemon client event forwarder" [_thread_blocked, id=13760, stack(0x000000168b200000,0x000000168b300000)]
  0x000001b6008c02f0 JavaThread "Cache worker for journal cache (C:\Users\patri\.gradle\caches\journal-1)" [_thread_blocked, id=15704, stack(0x000000168b300000,0x000000168b400000)]
  0x000001b6008c07c0 JavaThread "File lock request listener" [_thread_in_native, id=2512, stack(0x000000168b400000,0x000000168b500000)]
  0x000001b6008beae0 JavaThread "Cache worker for file hash cache (C:\Users\patri\.gradle\caches\8.0\fileHashes)" [_thread_blocked, id=7368, stack(0x000000168b600000,0x000000168b700000)]
  0x000001b6008c1160 JavaThread "File watcher server" daemon [_thread_blocked, id=1416, stack(0x000000168b700000,0x000000168b800000)]
  0x000001b6008c1630 JavaThread "File watcher consumer" daemon [_thread_blocked, id=16244, stack(0x000000168b800000,0x000000168b900000)]
  0x000001b600453c40 JavaThread "Cache worker for checksums cache (C:\Users\patri\OneDrive\Documents\GitHub\FireBaseAssignment2\.gradle\8.0\checksums)" [_thread_blocked, id=11500, stack(0x000000168b900000,0x000000168ba00000)]
  0x000001b600454110 JavaThread "Cache worker for cache directory md-rule (C:\Users\patri\.gradle\caches\8.0\md-rule)" [_thread_blocked, id=14008, stack(0x000000168ba00000,0x000000168bb00000)]
  0x000001b6004545e0 JavaThread "Cache worker for file content cache (C:\Users\patri\.gradle\caches\8.0\fileContent)" [_thread_blocked, id=15980, stack(0x000000168bb00000,0x000000168bc00000)]
  0x000001b600454ab0 JavaThread "Cache worker for file hash cache (C:\Users\patri\OneDrive\Documents\GitHub\FireBaseAssignment2\.gradle\8.0\fileHashes)" [_thread_blocked, id=3620, stack(0x000000168bc00000,0x000000168bd00000)]
  0x000001b600455450 JavaThread "Cache worker for cache directory md-supplier (C:\Users\patri\.gradle\caches\8.0\md-supplier)" [_thread_blocked, id=1336, stack(0x000000168bd00000,0x000000168be00000)]
  0x000001b6004562c0 JavaThread "Cache worker for execution history cache (C:\Users\patri\.gradle\caches\8.0\executionHistory)" [_thread_blocked, id=14864, stack(0x000000168be00000,0x000000168bf00000)]
  0x000001b600457130 JavaThread "jar transforms" [_thread_blocked, id=8340, stack(0x000000168bf00000,0x000000168c000000)]
  0x000001b600455920 JavaThread "jar transforms Thread 2" [_thread_blocked, id=220, stack(0x000000168c000000,0x000000168c100000)]
  0x000001b600457fa0 JavaThread "Cache worker for dependencies-accessors (C:\Users\patri\OneDrive\Documents\GitHub\FireBaseAssignment2\.gradle\8.0\dependencies-accessors)" [_thread_blocked, id=13776, stack(0x000000168c100000,0x000000168c200000)]
  0x000001b600458940 JavaThread "Cache worker for Build Output Cleanup Cache (C:\Users\patri\OneDrive\Documents\GitHub\FireBaseAssignment2\.gradle\buildOutputCleanup)" [_thread_blocked, id=12084, stack(0x000000168c200000,0x000000168c300000)]
  0x000001b6004592e0 JavaThread "Unconstrained build operations" [_thread_blocked, id=9544, stack(0x000000168c300000,0x000000168c400000)]
  0x000001b6004597b0 JavaThread "Unconstrained build operations Thread 2" [_thread_blocked, id=8228, stack(0x000000168c400000,0x000000168c500000)]
  0x000001b60045a150 JavaThread "Unconstrained build operations Thread 3" [_thread_blocked, id=7524, stack(0x000000168c500000,0x000000168c600000)]
  0x000001b60045a620 JavaThread "Unconstrained build operations Thread 4" [_thread_blocked, id=16260, stack(0x000000168c600000,0x000000168c700000)]
  0x000001b60045aaf0 JavaThread "Unconstrained build operations Thread 5" [_thread_blocked, id=10368, stack(0x000000168c700000,0x000000168c800000)]
  0x000001b67d0ee030 JavaThread "Unconstrained build operations Thread 6" [_thread_blocked, id=5224, stack(0x000000168c800000,0x000000168c900000)]
  0x000001b67d0edb60 JavaThread "Unconstrained build operations Thread 7" [_thread_blocked, id=80, stack(0x000000168c900000,0x000000168ca00000)]
  0x000001b67d0ed1c0 JavaThread "Unconstrained build operations Thread 8" [_thread_blocked, id=16072, stack(0x000000168ca00000,0x000000168cb00000)]
  0x000001b67d0ec350 JavaThread "Unconstrained build operations Thread 9" [_thread_blocked, id=14420, stack(0x000000168cb00000,0x000000168cc00000)]
  0x000001b67d0ec820 JavaThread "Unconstrained build operations Thread 10" [_thread_blocked, id=5756, stack(0x000000168cc00000,0x000000168cd00000)]
  0x000001b67d0eeea0 JavaThread "Unconstrained build operations Thread 11" [_thread_blocked, id=15876, stack(0x000000168cd00000,0x000000168ce00000)]
  0x000001b67d0ee9d0 JavaThread "Unconstrained build operations Thread 12" [_thread_blocked, id=15372, stack(0x000000168ce00000,0x000000168cf00000)]
  0x000001b67d0f2390 JavaThread "Unconstrained build operations Thread 13" [_thread_blocked, id=12820, stack(0x000000168cf00000,0x000000168d000000)]
  0x000001b67d0ee500 JavaThread "Unconstrained build operations Thread 14" [_thread_blocked, id=15660, stack(0x000000168d000000,0x000000168d100000)]
  0x000001b67d0ef370 JavaThread "Unconstrained build operations Thread 15" [_thread_blocked, id=15644, stack(0x000000168d100000,0x000000168d200000)]
  0x000001b67d0eccf0 JavaThread "Unconstrained build operations Thread 16" [_thread_blocked, id=7004, stack(0x000000168d200000,0x000000168d300000)]
  0x000001b67d0f19f0 JavaThread "Unconstrained build operations Thread 17" [_thread_blocked, id=13448, stack(0x000000168d300000,0x000000168d400000)]
  0x000001b67d0ef840 JavaThread "Unconstrained build operations Thread 18" [_thread_blocked, id=3028, stack(0x000000168d400000,0x000000168d500000)]
  0x000001b67d0efd10 JavaThread "Unconstrained build operations Thread 19" [_thread_blocked, id=4884, stack(0x000000168d500000,0x000000168d600000)]
  0x000001b67d0f2d30 JavaThread "Unconstrained build operations Thread 20" [_thread_blocked, id=1256, stack(0x000000168d600000,0x000000168d700000)]
  0x000001b67d0f01e0 JavaThread "Thread-42" daemon [_thread_blocked, id=6540, stack(0x0000001689200000,0x0000001689300000)]
  0x000001b67d0f06b0 JavaThread "build event listener" [_thread_blocked, id=14972, stack(0x0000001689300000,0x0000001689400000)]
  0x000001b67d0eb4e0 JavaThread "Memory manager" [_thread_blocked, id=9992, stack(0x000000168d700000,0x000000168d800000)]
  0x000001b600966690 JavaThread "included builds" [_thread_blocked, id=16256, stack(0x000000168b100000,0x000000168b200000)]
  0x000001b60096a520 JavaThread "Execution worker" [_thread_blocked, id=1768, stack(0x000000168d800000,0x000000168d900000)]
  0x000001b600965820 JavaThread "Cache worker for execution history cache (C:\Users\patri\OneDrive\Documents\GitHub\FireBaseAssignment2\.gradle\8.0\executionHistory)" [_thread_blocked, id=9276, stack(0x000000168d900000,0x000000168da00000)]
  0x000001b6009679d0 JavaThread "WorkerExecutor Queue" [_thread_blocked, id=9448, stack(0x000000168da00000,0x000000168db00000)]
  0x000001b60096c200 JavaThread "WorkerExecutor Queue Thread 2" [_thread_blocked, id=10188, stack(0x000000168db00000,0x000000168dc00000)]
  0x000001b60096aec0 JavaThread "WorkerExecutor Queue Thread 3" [_thread_blocked, id=10988, stack(0x000000168dc00000,0x000000168dd00000)]

Other Threads:
=>0x000001b67c10f780 VMThread "VM Thread" [stack: 0x0000001689b00000,0x0000001689c00000] [id=6696]
  0x000001b67d2cbe60 WatcherThread [stack: 0x000000168a800000,0x000000168a900000] [id=3732]
  0x000001b660d8e870 GCTaskThread "GC Thread#0" [stack: 0x0000001689600000,0x0000001689700000] [id=14232]
  0x000001b67d5156a0 GCTaskThread "GC Thread#1" [stack: 0x000000168a600000,0x000000168a700000] [id=12012]
  0x000001b662f77c60 ConcurrentGCThread "G1 Main Marker" [stack: 0x0000001689700000,0x0000001689800000] [id=4956]
  0x000001b662f78580 ConcurrentGCThread "G1 Conc#0" [stack: 0x0000001689800000,0x0000001689900000] [id=14856]
  0x000001b662fc1460 ConcurrentGCThread "G1 Refine#0" [stack: 0x0000001689900000,0x0000001689a00000] [id=8828]
  0x000001b662fc1e80 ConcurrentGCThread "G1 Service" [stack: 0x0000001689a00000,0x0000001689b00000] [id=16164]

Threads with active compile tasks:
C2 CompilerThread0   156338 12806   !   4       java.util.Formatter::format (283 bytes)

VM state: at safepoint (normal execution)

VM Mutex/Monitor currently owned by a thread:  ([mutex/lock_event])
[0x000001b662f0a100] Threads_lock - owner thread: 0x000001b67c10f780
[0x000001b662f0ac40] Heap_lock - owner thread: 0x000001b600966690

Heap address: 0x0000000080000000, size: 2048 MB, Compressed Oops mode: 32-bit

CDS archive(s) not mapped
Compressed class space mapped at: 0x0000000100000000-0x0000000140000000, reserved size: 1073741824
Narrow klass base: 0x0000000000000000, Narrow klass shift: 3, Narrow klass range: 0x140000000

GC Precious Log:
 CPUs: 2 total, 2 available
 Memory: 3918M
 Large Page Support: Disabled
 NUMA Support: Disabled
 Compressed Oops: Enabled (32-bit)
 Heap Region Size: 1M
 Heap Min Capacity: 8M
 Heap Initial Capacity: 62M
 Heap Max Capacity: 2G
 Pre-touch: Disabled
 Parallel Workers: 2
 Concurrent Workers: 1
 Concurrent Refinement Workers: 2
 Periodic GC: Disabled

Heap:
 garbage-first heap   total 228352K, used 89920K [0x0000000080000000, 0x0000000100000000)
  region size 1024K, 9 young (9216K), 9 survivors (9216K)
 Metaspace       used 91409K, committed 92160K, reserved 1130496K
  class space    used 12326K, committed 12672K, reserved 1048576K

Heap Regions: E=young(eden), S=young(survivor), O=old, HS=humongous(starts), HC=humongous(continues), CS=collection set, F=free, OA=open archive, CA=closed archive, TAMS=top-at-mark-start (previous, next)
|   0|0x0000000080000000, 0x0000000080100000, 0x0000000080100000|100%| O|  |TAMS 0x0000000080100000, 0x0000000080100000| Untracked 
|   1|0x0000000080100000, 0x0000000080200000, 0x0000000080200000|100%|HS|  |TAMS 0x0000000080200000, 0x0000000080200000| Complete 
|   2|0x0000000080200000, 0x0000000080300000, 0x0000000080300000|100%|HC|  |TAMS 0x0000000080300000, 0x0000000080300000| Complete 
|   3|0x0000000080300000, 0x0000000080400000, 0x0000000080400000|100%|HC|  |TAMS 0x0000000080400000, 0x0000000080400000| Complete 
|   4|0x0000000080400000, 0x0000000080500000, 0x0000000080500000|100%|HC|  |TAMS 0x0000000080500000, 0x0000000080500000| Complete 
|   5|0x0000000080500000, 0x0000000080600000, 0x0000000080600000|100%| O|  |TAMS 0x0000000080600000, 0x0000000080600000| Untracked 
|   6|0x0000000080600000, 0x0000000080700000, 0x0000000080700000|100%| O|  |TAMS 0x0000000080700000, 0x0000000080700000| Untracked 
|   7|0x0000000080700000, 0x0000000080800000, 0x0000000080800000|100%| O|  |TAMS 0x0000000080800000, 0x0000000080800000| Untracked 
|   8|0x0000000080800000, 0x0000000080900000, 0x0000000080900000|100%| O|  |TAMS 0x0000000080900000, 0x0000000080900000| Untracked 
|   9|0x0000000080900000, 0x0000000080a00000, 0x0000000080a00000|100%| O|  |TAMS 0x0000000080a00000, 0x0000000080a00000| Untracked 
|  10|0x0000000080a00000, 0x0000000080b00000, 0x0000000080b00000|100%| O|  |TAMS 0x0000000080b00000, 0x0000000080b00000| Untracked 
|  11|0x0000000080b00000, 0x0000000080c00000, 0x0000000080c00000|100%| O|  |TAMS 0x0000000080c00000, 0x0000000080c00000| Untracked 
|  12|0x0000000080c00000, 0x0000000080d00000, 0x0000000080d00000|100%| O|  |TAMS 0x0000000080d00000, 0x0000000080d00000| Untracked 
|  13|0x0000000080d00000, 0x0000000080e00000, 0x0000000080e00000|100%| O|  |TAMS 0x0000000080e00000, 0x0000000080e00000| Untracked 
|  14|0x0000000080e00000, 0x0000000080f00000, 0x0000000080f00000|100%| O|  |TAMS 0x0000000080f00000, 0x0000000080f00000| Untracked 
|  15|0x0000000080f00000, 0x0000000081000000, 0x0000000081000000|100%| O|  |TAMS 0x0000000081000000, 0x0000000081000000| Untracked 
|  16|0x0000000081000000, 0x0000000081100000, 0x0000000081100000|100%| O|  |TAMS 0x0000000081100000, 0x0000000081100000| Untracked 
|  17|0x0000000081100000, 0x0000000081200000, 0x0000000081200000|100%| O|  |TAMS 0x0000000081200000, 0x0000000081200000| Untracked 
|  18|0x0000000081200000, 0x0000000081300000, 0x0000000081300000|100%| O|  |TAMS 0x0000000081300000, 0x0000000081300000| Untracked 
|  19|0x0000000081300000, 0x0000000081400000, 0x0000000081400000|100%| O|  |TAMS 0x0000000081400000, 0x0000000081400000| Untracked 
|  20|0x0000000081400000, 0x0000000081500000, 0x0000000081500000|100%| O|  |TAMS 0x0000000081500000, 0x0000000081500000| Untracked 
|  21|0x0000000081500000, 0x0000000081600000, 0x0000000081600000|100%| O|  |TAMS 0x0000000081600000, 0x0000000081600000| Untracked 
|  22|0x0000000081600000, 0x0000000081700000, 0x0000000081700000|100%| O|  |TAMS 0x0000000081700000, 0x0000000081700000| Untracked 
|  23|0x0000000081700000, 0x0000000081800000, 0x0000000081800000|100%| O|  |TAMS 0x0000000081800000, 0x0000000081800000| Untracked 
|  24|0x0000000081800000, 0x0000000081900000, 0x0000000081900000|100%| O|  |TAMS 0x0000000081900000, 0x0000000081900000| Untracked 
|  25|0x0000000081900000, 0x0000000081a00000, 0x0000000081a00000|100%| O|  |TAMS 0x0000000081a00000, 0x0000000081a00000| Untracked 
|  26|0x0000000081a00000, 0x0000000081b00000, 0x0000000081b00000|100%|HS|  |TAMS 0x0000000081b00000, 0x0000000081b00000| Complete 
|  27|0x0000000081b00000, 0x0000000081c00000, 0x0000000081c00000|100%|HS|  |TAMS 0x0000000081c00000, 0x0000000081c00000| Complete 
|  28|0x0000000081c00000, 0x0000000081d00000, 0x0000000081d00000|100%| O|  |TAMS 0x0000000081d00000, 0x0000000081d00000| Untracked 
|  29|0x0000000081d00000, 0x0000000081e00000, 0x0000000081e00000|100%| O|  |TAMS 0x0000000081e00000, 0x0000000081e00000| Untracked 
|  30|0x0000000081e00000, 0x0000000081f00000, 0x0000000081f00000|100%| O|  |TAMS 0x0000000081f00000, 0x0000000081f00000| Untracked 
|  31|0x0000000081f00000, 0x0000000082000000, 0x0000000082000000|100%| O|  |TAMS 0x0000000082000000, 0x0000000082000000| Untracked 
|  32|0x0000000082000000, 0x0000000082100000, 0x0000000082100000|100%| O|  |TAMS 0x0000000082100000, 0x0000000082100000| Untracked 
|  33|0x0000000082100000, 0x0000000082200000, 0x0000000082200000|100%| O|  |TAMS 0x0000000082200000, 0x0000000082200000| Untracked 
|  34|0x0000000082200000, 0x0000000082300000, 0x0000000082300000|100%| O|  |TAMS 0x0000000082300000, 0x0000000082300000| Untracked 
|  35|0x0000000082300000, 0x0000000082400000, 0x0000000082400000|100%| O|  |TAMS 0x0000000082400000, 0x0000000082400000| Untracked 
|  36|0x0000000082400000, 0x0000000082500000, 0x0000000082500000|100%| O|  |TAMS 0x0000000082500000, 0x0000000082500000| Untracked 
|  37|0x0000000082500000, 0x0000000082600000, 0x0000000082600000|100%| O|  |TAMS 0x0000000082600000, 0x0000000082600000| Untracked 
|  38|0x0000000082600000, 0x0000000082700000, 0x0000000082700000|100%| O|  |TAMS 0x0000000082700000, 0x0000000082700000| Untracked 
|  39|0x0000000082700000, 0x0000000082800000, 0x0000000082800000|100%| O|  |TAMS 0x0000000082800000, 0x0000000082800000| Untracked 
|  40|0x0000000082800000, 0x0000000082900000, 0x0000000082900000|100%| O|  |TAMS 0x0000000082900000, 0x0000000082900000| Untracked 
|  41|0x0000000082900000, 0x0000000082a00000, 0x0000000082a00000|100%| O|  |TAMS 0x0000000082a00000, 0x0000000082a00000| Untracked 
|  42|0x0000000082a00000, 0x0000000082b00000, 0x0000000082b00000|100%| O|  |TAMS 0x0000000082b00000, 0x0000000082b00000| Untracked 
|  43|0x0000000082b00000, 0x0000000082c00000, 0x0000000082c00000|100%| O|  |TAMS 0x0000000082c00000, 0x0000000082c00000| Untracked 
|  44|0x0000000082c00000, 0x0000000082d00000, 0x0000000082d00000|100%| O|  |TAMS 0x0000000082d00000, 0x0000000082d00000| Untracked 
|  45|0x0000000082d00000, 0x0000000082e00000, 0x0000000082e00000|100%| O|  |TAMS 0x0000000082e00000, 0x0000000082e00000| Untracked 
|  46|0x0000000082e00000, 0x0000000082f00000, 0x0000000082f00000|100%| O|  |TAMS 0x0000000082f00000, 0x0000000082f00000| Untracked 
|  47|0x0000000082f00000, 0x0000000083000000, 0x0000000083000000|100%| O|  |TAMS 0x0000000083000000, 0x0000000083000000| Untracked 
|  48|0x0000000083000000, 0x0000000083100000, 0x0000000083100000|100%| O|  |TAMS 0x0000000083100000, 0x0000000083100000| Untracked 
|  49|0x0000000083100000, 0x0000000083200000, 0x0000000083200000|100%| O|  |TAMS 0x0000000083200000, 0x0000000083200000| Untracked 
|  50|0x0000000083200000, 0x0000000083300000, 0x0000000083300000|100%| O|  |TAMS 0x0000000083300000, 0x0000000083300000| Untracked 
|  51|0x0000000083300000, 0x0000000083400000, 0x0000000083400000|100%| O|  |TAMS 0x0000000083400000, 0x0000000083400000| Untracked 
|  52|0x0000000083400000, 0x0000000083500000, 0x0000000083500000|100%| O|  |TAMS 0x0000000083500000, 0x0000000083500000| Untracked 
|  53|0x0000000083500000, 0x0000000083600000, 0x0000000083600000|100%| O|  |TAMS 0x0000000083600000, 0x0000000083600000| Untracked 
|  54|0x0000000083600000, 0x0000000083700000, 0x0000000083700000|100%| O|  |TAMS 0x0000000083700000, 0x0000000083700000| Untracked 
|  55|0x0000000083700000, 0x0000000083800000, 0x0000000083800000|100%| O|  |TAMS 0x0000000083800000, 0x0000000083800000| Untracked 
|  56|0x0000000083800000, 0x0000000083900000, 0x0000000083900000|100%| O|  |TAMS 0x0000000083900000, 0x0000000083900000| Untracked 
|  57|0x0000000083900000, 0x0000000083a00000, 0x0000000083a00000|100%| O|  |TAMS 0x0000000083a00000, 0x0000000083a00000| Untracked 
|  58|0x0000000083a00000, 0x0000000083b00000, 0x0000000083b00000|100%| O|  |TAMS 0x0000000083b00000, 0x0000000083b00000| Untracked 
|  59|0x0000000083b00000, 0x0000000083c00000, 0x0000000083c00000|100%| O|  |TAMS 0x0000000083c00000, 0x0000000083c00000| Untracked 
|  60|0x0000000083c00000, 0x0000000083d00000, 0x0000000083d00000|100%| O|  |TAMS 0x0000000083d00000, 0x0000000083d00000| Untracked 
|  61|0x0000000083d00000, 0x0000000083e00000, 0x0000000083e00000|100%| O|  |TAMS 0x0000000083e00000, 0x0000000083e00000| Untracked 
|  62|0x0000000083e00000, 0x0000000083f00000, 0x0000000083f00000|100%| O|  |TAMS 0x0000000083f00000, 0x0000000083f00000| Untracked 
|  63|0x0000000083f00000, 0x0000000084000000, 0x0000000084000000|100%| O|  |TAMS 0x0000000084000000, 0x0000000084000000| Untracked 
|  64|0x0000000084000000, 0x0000000084100000, 0x0000000084100000|100%| O|  |TAMS 0x0000000084100000, 0x0000000084100000| Untracked 
|  65|0x0000000084100000, 0x0000000084200000, 0x0000000084200000|100%| O|  |TAMS 0x0000000084200000, 0x0000000084200000| Untracked 
|  66|0x0000000084200000, 0x0000000084300000, 0x0000000084300000|100%| O|  |TAMS 0x0000000084300000, 0x0000000084300000| Untracked 
|  67|0x0000000084300000, 0x0000000084400000, 0x0000000084400000|100%| O|  |TAMS 0x0000000084400000, 0x0000000084400000| Untracked 
|  68|0x0000000084400000, 0x0000000084500000, 0x0000000084500000|100%| O|  |TAMS 0x0000000084500000, 0x0000000084500000| Untracked 
|  69|0x0000000084500000, 0x0000000084600000, 0x0000000084600000|100%| O|  |TAMS 0x0000000084600000, 0x0000000084600000| Untracked 
|  70|0x0000000084600000, 0x0000000084600000, 0x0000000084700000|  0%| F|  |TAMS 0x0000000084600000, 0x0000000084600000| Untracked 
|  71|0x0000000084700000, 0x0000000084700000, 0x0000000084800000|  0%| F|  |TAMS 0x0000000084700000, 0x0000000084700000| Untracked 
|  72|0x0000000084800000, 0x0000000084800000, 0x0000000084900000|  0%| F|  |TAMS 0x0000000084800000, 0x0000000084800000| Untracked 
|  73|0x0000000084900000, 0x0000000084a00000, 0x0000000084a00000|100%| O|  |TAMS 0x0000000084a00000, 0x0000000084a00000| Untracked 
|  74|0x0000000084a00000, 0x0000000084b00000, 0x0000000084b00000|100%| O|  |TAMS 0x0000000084b00000, 0x0000000084b00000| Untracked 
|  75|0x0000000084b00000, 0x0000000084bd0200, 0x0000000084c00000| 81%| O|  |TAMS 0x0000000084b0de00, 0x0000000084b31400| Untracked 
|  76|0x0000000084c00000, 0x0000000084c00000, 0x0000000084d00000|  0%| F|  |TAMS 0x0000000084c00000, 0x0000000084c00000| Untracked 
|  77|0x0000000084d00000, 0x0000000084d00000, 0x0000000084e00000|  0%| F|  |TAMS 0x0000000084d00000, 0x0000000084d00000| Untracked 
|  78|0x0000000084e00000, 0x0000000084e00000, 0x0000000084f00000|  0%| F|  |TAMS 0x0000000084e00000, 0x0000000084e00000| Untracked 
|  79|0x0000000084f00000, 0x0000000084f00000, 0x0000000085000000|  0%| F|  |TAMS 0x0000000084f00000, 0x0000000084f00000| Untracked 
|  80|0x0000000085000000, 0x0000000085000000, 0x0000000085100000|  0%| F|  |TAMS 0x0000000085000000, 0x0000000085000000| Untracked 
|  81|0x0000000085100000, 0x0000000085100000, 0x0000000085200000|  0%| F|  |TAMS 0x0000000085100000, 0x0000000085100000| Untracked 
|  82|0x0000000085200000, 0x0000000085200000, 0x0000000085300000|  0%| F|  |TAMS 0x0000000085200000, 0x0000000085200000| Untracked 
|  83|0x0000000085300000, 0x0000000085300000, 0x0000000085400000|  0%| F|  |TAMS 0x0000000085300000, 0x0000000085300000| Untracked 
|  84|0x0000000085400000, 0x0000000085400000, 0x0000000085500000|  0%| F|  |TAMS 0x0000000085400000, 0x0000000085400000| Untracked 
|  85|0x0000000085500000, 0x0000000085500000, 0x0000000085600000|  0%| F|  |TAMS 0x0000000085500000, 0x0000000085500000| Untracked 
|  86|0x0000000085600000, 0x0000000085600000, 0x0000000085700000|  0%| F|  |TAMS 0x0000000085600000, 0x0000000085600000| Untracked 
|  87|0x0000000085700000, 0x0000000085800000, 0x0000000085800000|100%|HS|  |TAMS 0x0000000085700000, 0x0000000085800000| Complete 
|  88|0x0000000085800000, 0x0000000085900000, 0x0000000085900000|100%|HC|  |TAMS 0x0000000085800000, 0x0000000085900000| Complete 
|  89|0x0000000085900000, 0x0000000085a00000, 0x0000000085a00000|100%|HC|  |TAMS 0x0000000085900000, 0x0000000085a00000| Complete 
|  90|0x0000000085a00000, 0x0000000085b00000, 0x0000000085b00000|100%|HC|  |TAMS 0x0000000085a00000, 0x0000000085b00000| Complete 
|  91|0x0000000085b00000, 0x0000000085b00000, 0x0000000085c00000|  0%| F|  |TAMS 0x0000000085b00000, 0x0000000085b00000| Untracked 
|  92|0x0000000085c00000, 0x0000000085d00000, 0x0000000085d00000|100%|HS|  |TAMS 0x0000000085c00000, 0x0000000085d00000| Complete 
|  93|0x0000000085d00000, 0x0000000085e00000, 0x0000000085e00000|100%|HC|  |TAMS 0x0000000085d00000, 0x0000000085e00000| Complete 
|  94|0x0000000085e00000, 0x0000000085e00000, 0x0000000085f00000|  0%| F|  |TAMS 0x0000000085e00000, 0x0000000085e00000| Untracked 
|  95|0x0000000085f00000, 0x0000000085f00000, 0x0000000086000000|  0%| F|  |TAMS 0x0000000085f00000, 0x0000000085f00000| Untracked 
|  96|0x0000000086000000, 0x0000000086000000, 0x0000000086100000|  0%| F|  |TAMS 0x0000000086000000, 0x0000000086000000| Untracked 
|  97|0x0000000086100000, 0x0000000086100000, 0x0000000086200000|  0%| F|  |TAMS 0x0000000086100000, 0x0000000086100000| Untracked 
|  98|0x0000000086200000, 0x0000000086200000, 0x0000000086300000|  0%| F|  |TAMS 0x0000000086200000, 0x0000000086200000| Untracked 
|  99|0x0000000086300000, 0x0000000086300000, 0x0000000086400000|  0%| F|  |TAMS 0x0000000086300000, 0x0000000086300000| Untracked 
| 100|0x0000000086400000, 0x0000000086400000, 0x0000000086500000|  0%| F|  |TAMS 0x0000000086400000, 0x0000000086400000| Untracked 
| 101|0x0000000086500000, 0x0000000086500000, 0x0000000086600000|  0%| F|  |TAMS 0x0000000086500000, 0x0000000086500000| Untracked 
| 102|0x0000000086600000, 0x0000000086600000, 0x0000000086700000|  0%| F|  |TAMS 0x0000000086600000, 0x0000000086600000| Untracked 
| 103|0x0000000086700000, 0x0000000086700000, 0x0000000086800000|  0%| F|  |TAMS 0x0000000086700000, 0x0000000086700000| Untracked 
| 104|0x0000000086800000, 0x0000000086800000, 0x0000000086900000|  0%| F|  |TAMS 0x0000000086800000, 0x0000000086800000| Untracked 
| 105|0x0000000086900000, 0x0000000086900000, 0x0000000086a00000|  0%| F|  |TAMS 0x0000000086900000, 0x0000000086900000| Untracked 
| 106|0x0000000086a00000, 0x0000000086a00000, 0x0000000086b00000|  0%| F|  |TAMS 0x0000000086a00000, 0x0000000086a00000| Untracked 
| 107|0x0000000086b00000, 0x0000000086b00000, 0x0000000086c00000|  0%| F|  |TAMS 0x0000000086b00000, 0x0000000086b00000| Untracked 
| 108|0x0000000086c00000, 0x0000000086c00000, 0x0000000086d00000|  0%| F|  |TAMS 0x0000000086c00000, 0x0000000086c00000| Untracked 
| 109|0x0000000086d00000, 0x0000000086d00000, 0x0000000086e00000|  0%| F|  |TAMS 0x0000000086d00000, 0x0000000086d00000| Untracked 
| 110|0x0000000086e00000, 0x0000000086e00000, 0x0000000086f00000|  0%| F|  |TAMS 0x0000000086e00000, 0x0000000086e00000| Untracked 
| 111|0x0000000086f00000, 0x0000000086f00000, 0x0000000087000000|  0%| F|  |TAMS 0x0000000086f00000, 0x0000000086f00000| Untracked 
| 112|0x0000000087000000, 0x0000000087000000, 0x0000000087100000|  0%| F|  |TAMS 0x0000000087000000, 0x0000000087000000| Untracked 
| 113|0x0000000087100000, 0x0000000087100000, 0x0000000087200000|  0%| F|  |TAMS 0x0000000087100000, 0x0000000087100000| Untracked 
| 114|0x0000000087200000, 0x0000000087200000, 0x0000000087300000|  0%| F|  |TAMS 0x0000000087200000, 0x0000000087200000| Untracked 
| 115|0x0000000087300000, 0x0000000087300000, 0x0000000087400000|  0%| F|  |TAMS 0x0000000087300000, 0x0000000087300000| Untracked 
| 116|0x0000000087400000, 0x0000000087400000, 0x0000000087500000|  0%| F|  |TAMS 0x0000000087400000, 0x0000000087400000| Untracked 
| 117|0x0000000087500000, 0x0000000087500000, 0x0000000087600000|  0%| F|  |TAMS 0x0000000087500000, 0x0000000087500000| Untracked 
| 118|0x0000000087600000, 0x0000000087600000, 0x0000000087700000|  0%| F|  |TAMS 0x0000000087600000, 0x0000000087600000| Untracked 
| 119|0x0000000087700000, 0x0000000087700000, 0x0000000087800000|  0%| F|  |TAMS 0x0000000087700000, 0x0000000087700000| Untracked 
| 120|0x0000000087800000, 0x0000000087800000, 0x0000000087900000|  0%| F|  |TAMS 0x0000000087800000, 0x0000000087800000| Untracked 
| 121|0x0000000087900000, 0x0000000087900000, 0x0000000087a00000|  0%| F|  |TAMS 0x0000000087900000, 0x0000000087900000| Untracked 
| 122|0x0000000087a00000, 0x0000000087a00000, 0x0000000087b00000|  0%| F|  |TAMS 0x0000000087a00000, 0x0000000087a00000| Untracked 
| 123|0x0000000087b00000, 0x0000000087b00000, 0x0000000087c00000|  0%| F|  |TAMS 0x0000000087b00000, 0x0000000087b00000| Untracked 
| 124|0x0000000087c00000, 0x0000000087c00000, 0x0000000087d00000|  0%| F|  |TAMS 0x0000000087c00000, 0x0000000087c00000| Untracked 
| 125|0x0000000087d00000, 0x0000000087d00000, 0x0000000087e00000|  0%| F|  |TAMS 0x0000000087d00000, 0x0000000087d00000| Untracked 
| 126|0x0000000087e00000, 0x0000000087e00000, 0x0000000087f00000|  0%| F|  |TAMS 0x0000000087e00000, 0x0000000087e00000| Untracked 
| 127|0x0000000087f00000, 0x0000000087f00000, 0x0000000088000000|  0%| F|  |TAMS 0x0000000087f00000, 0x0000000087f00000| Untracked 
| 128|0x0000000088000000, 0x0000000088000000, 0x0000000088100000|  0%| F|  |TAMS 0x0000000088000000, 0x0000000088000000| Untracked 
| 129|0x0000000088100000, 0x0000000088100000, 0x0000000088200000|  0%| F|  |TAMS 0x0000000088100000, 0x0000000088100000| Untracked 
| 130|0x0000000088200000, 0x0000000088200000, 0x0000000088300000|  0%| F|  |TAMS 0x0000000088200000, 0x0000000088200000| Untracked 
| 131|0x0000000088300000, 0x0000000088300000, 0x0000000088400000|  0%| F|  |TAMS 0x0000000088300000, 0x0000000088300000| Untracked 
| 132|0x0000000088400000, 0x0000000088400000, 0x0000000088500000|  0%| F|  |TAMS 0x0000000088400000, 0x0000000088400000| Untracked 
| 133|0x0000000088500000, 0x0000000088500000, 0x0000000088600000|  0%| F|  |TAMS 0x0000000088500000, 0x0000000088500000| Untracked 
| 134|0x0000000088600000, 0x0000000088600000, 0x0000000088700000|  0%| F|  |TAMS 0x0000000088600000, 0x0000000088600000| Untracked 
| 135|0x0000000088700000, 0x0000000088700000, 0x0000000088800000|  0%| F|  |TAMS 0x0000000088700000, 0x0000000088700000| Untracked 
| 136|0x0000000088800000, 0x0000000088900000, 0x0000000088900000|100%| S|CS|TAMS 0x0000000088800000, 0x0000000088800000| Complete 
| 137|0x0000000088900000, 0x0000000088a00000, 0x0000000088a00000|100%| S|CS|TAMS 0x0000000088900000, 0x0000000088900000| Complete 
| 138|0x0000000088a00000, 0x0000000088b00000, 0x0000000088b00000|100%| S|CS|TAMS 0x0000000088a00000, 0x0000000088a00000| Complete 
| 139|0x0000000088b00000, 0x0000000088c00000, 0x0000000088c00000|100%| S|CS|TAMS 0x0000000088b00000, 0x0000000088b00000| Complete 
| 140|0x0000000088c00000, 0x0000000088d00000, 0x0000000088d00000|100%| S|CS|TAMS 0x0000000088c00000, 0x0000000088c00000| Complete 
| 141|0x0000000088d00000, 0x0000000088e00000, 0x0000000088e00000|100%| S|CS|TAMS 0x0000000088d00000, 0x0000000088d00000| Complete 
| 142|0x0000000088e00000, 0x0000000088f00000, 0x0000000088f00000|100%| S|CS|TAMS 0x0000000088e00000, 0x0000000088e00000| Complete 
| 143|0x0000000088f00000, 0x0000000089000000, 0x0000000089000000|100%| S|CS|TAMS 0x0000000088f00000, 0x0000000088f00000| Complete 
| 144|0x0000000089000000, 0x0000000089100000, 0x0000000089100000|100%| S|CS|TAMS 0x0000000089000000, 0x0000000089000000| Complete 
| 145|0x0000000089100000, 0x0000000089100000, 0x0000000089200000|  0%| F|  |TAMS 0x0000000089100000, 0x0000000089100000| Untracked 
| 146|0x0000000089200000, 0x0000000089200000, 0x0000000089300000|  0%| F|  |TAMS 0x0000000089200000, 0x0000000089200000| Untracked 
| 147|0x0000000089300000, 0x0000000089300000, 0x0000000089400000|  0%| F|  |TAMS 0x0000000089300000, 0x0000000089300000| Untracked 
| 148|0x0000000089400000, 0x0000000089400000, 0x0000000089500000|  0%| F|  |TAMS 0x0000000089400000, 0x0000000089400000| Untracked 
| 149|0x0000000089500000, 0x0000000089500000, 0x0000000089600000|  0%| F|  |TAMS 0x0000000089500000, 0x0000000089500000| Untracked 
| 150|0x0000000089600000, 0x0000000089600000, 0x0000000089700000|  0%| F|  |TAMS 0x0000000089600000, 0x0000000089600000| Untracked 
| 151|0x0000000089700000, 0x0000000089700000, 0x0000000089800000|  0%| F|  |TAMS 0x0000000089700000, 0x0000000089700000| Untracked 
| 152|0x0000000089800000, 0x0000000089800000, 0x0000000089900000|  0%| F|  |TAMS 0x0000000089800000, 0x0000000089800000| Untracked 
| 153|0x0000000089900000, 0x0000000089900000, 0x0000000089a00000|  0%| F|  |TAMS 0x0000000089900000, 0x0000000089900000| Untracked 
| 154|0x0000000089a00000, 0x0000000089a00000, 0x0000000089b00000|  0%| F|  |TAMS 0x0000000089a00000, 0x0000000089a00000| Untracked 
| 155|0x0000000089b00000, 0x0000000089b00000, 0x0000000089c00000|  0%| F|  |TAMS 0x0000000089b00000, 0x0000000089b00000| Untracked 
| 156|0x0000000089c00000, 0x0000000089c00000, 0x0000000089d00000|  0%| F|  |TAMS 0x0000000089c00000, 0x0000000089c00000| Untracked 
| 157|0x0000000089d00000, 0x0000000089d00000, 0x0000000089e00000|  0%| F|  |TAMS 0x0000000089d00000, 0x0000000089d00000| Untracked 
| 158|0x0000000089e00000, 0x0000000089e00000, 0x0000000089f00000|  0%| F|  |TAMS 0x0000000089e00000, 0x0000000089e00000| Untracked 
| 159|0x0000000089f00000, 0x0000000089f00000, 0x000000008a000000|  0%| F|  |TAMS 0x0000000089f00000, 0x0000000089f00000| Untracked 
| 160|0x000000008a000000, 0x000000008a000000, 0x000000008a100000|  0%| F|  |TAMS 0x000000008a000000, 0x000000008a000000| Untracked 
| 161|0x000000008a100000, 0x000000008a100000, 0x000000008a200000|  0%| F|  |TAMS 0x000000008a100000, 0x000000008a100000| Untracked 
| 162|0x000000008a200000, 0x000000008a200000, 0x000000008a300000|  0%| F|  |TAMS 0x000000008a200000, 0x000000008a200000| Untracked 
| 163|0x000000008a300000, 0x000000008a300000, 0x000000008a400000|  0%| F|  |TAMS 0x000000008a300000, 0x000000008a300000| Untracked 
| 164|0x000000008a400000, 0x000000008a400000, 0x000000008a500000|  0%| F|  |TAMS 0x000000008a400000, 0x000000008a400000| Untracked 
| 165|0x000000008a500000, 0x000000008a500000, 0x000000008a600000|  0%| F|  |TAMS 0x000000008a500000, 0x000000008a500000| Untracked 
| 166|0x000000008a600000, 0x000000008a600000, 0x000000008a700000|  0%| F|  |TAMS 0x000000008a600000, 0x000000008a600000| Untracked 
| 167|0x000000008a700000, 0x000000008a700000, 0x000000008a800000|  0%| F|  |TAMS 0x000000008a700000, 0x000000008a700000| Untracked 
| 168|0x000000008a800000, 0x000000008a800000, 0x000000008a900000|  0%| F|  |TAMS 0x000000008a800000, 0x000000008a800000| Untracked 
| 169|0x000000008a900000, 0x000000008a900000, 0x000000008aa00000|  0%| F|  |TAMS 0x000000008a900000, 0x000000008a900000| Untracked 
| 170|0x000000008aa00000, 0x000000008aa00000, 0x000000008ab00000|  0%| F|  |TAMS 0x000000008aa00000, 0x000000008aa00000| Untracked 
| 171|0x000000008ab00000, 0x000000008ab00000, 0x000000008ac00000|  0%| F|  |TAMS 0x000000008ab00000, 0x000000008ab00000| Untracked 
| 172|0x000000008ac00000, 0x000000008ac00000, 0x000000008ad00000|  0%| F|  |TAMS 0x000000008ac00000, 0x000000008ac00000| Untracked 
| 173|0x000000008ad00000, 0x000000008ad00000, 0x000000008ae00000|  0%| F|  |TAMS 0x000000008ad00000, 0x000000008ad00000| Untracked 
| 174|0x000000008ae00000, 0x000000008ae00000, 0x000000008af00000|  0%| F|  |TAMS 0x000000008ae00000, 0x000000008ae00000| Untracked 
| 175|0x000000008af00000, 0x000000008af00000, 0x000000008b000000|  0%| F|  |TAMS 0x000000008af00000, 0x000000008af00000| Untracked 
| 176|0x000000008b000000, 0x000000008b000000, 0x000000008b100000|  0%| F|  |TAMS 0x000000008b000000, 0x000000008b000000| Untracked 
| 177|0x000000008b100000, 0x000000008b100000, 0x000000008b200000|  0%| F|  |TAMS 0x000000008b100000, 0x000000008b100000| Untracked 
| 178|0x000000008b200000, 0x000000008b200000, 0x000000008b300000|  0%| F|  |TAMS 0x000000008b200000, 0x000000008b200000| Untracked 
| 179|0x000000008b300000, 0x000000008b300000, 0x000000008b400000|  0%| F|  |TAMS 0x000000008b300000, 0x000000008b300000| Untracked 
| 180|0x000000008b400000, 0x000000008b400000, 0x000000008b500000|  0%| F|  |TAMS 0x000000008b400000, 0x000000008b400000| Untracked 
| 181|0x000000008b500000, 0x000000008b500000, 0x000000008b600000|  0%| F|  |TAMS 0x000000008b500000, 0x000000008b500000| Untracked 
| 182|0x000000008b600000, 0x000000008b600000, 0x000000008b700000|  0%| F|  |TAMS 0x000000008b600000, 0x000000008b600000| Untracked 
| 183|0x000000008b700000, 0x000000008b700000, 0x000000008b800000|  0%| F|  |TAMS 0x000000008b700000, 0x000000008b700000| Untracked 
| 184|0x000000008b800000, 0x000000008b800000, 0x000000008b900000|  0%| F|  |TAMS 0x000000008b800000, 0x000000008b800000| Untracked 
| 185|0x000000008b900000, 0x000000008b900000, 0x000000008ba00000|  0%| F|  |TAMS 0x000000008b900000, 0x000000008b900000| Untracked 
| 186|0x000000008ba00000, 0x000000008ba00000, 0x000000008bb00000|  0%| F|  |TAMS 0x000000008ba00000, 0x000000008ba00000| Untracked 
| 187|0x000000008bb00000, 0x000000008bb00000, 0x000000008bc00000|  0%| F|  |TAMS 0x000000008bb00000, 0x000000008bb00000| Untracked 
| 188|0x000000008bc00000, 0x000000008bc00000, 0x000000008bd00000|  0%| F|  |TAMS 0x000000008bc00000, 0x000000008bc00000| Untracked 
| 189|0x000000008bd00000, 0x000000008bd00000, 0x000000008be00000|  0%| F|  |TAMS 0x000000008bd00000, 0x000000008bd00000| Untracked 
| 190|0x000000008be00000, 0x000000008be00000, 0x000000008bf00000|  0%| F|  |TAMS 0x000000008be00000, 0x000000008be00000| Untracked 
| 191|0x000000008bf00000, 0x000000008bf00000, 0x000000008c000000|  0%| F|  |TAMS 0x000000008bf00000, 0x000000008bf00000| Untracked 
| 192|0x000000008c000000, 0x000000008c000000, 0x000000008c100000|  0%| F|  |TAMS 0x000000008c000000, 0x000000008c000000| Untracked 
| 193|0x000000008c100000, 0x000000008c100000, 0x000000008c200000|  0%| F|  |TAMS 0x000000008c100000, 0x000000008c100000| Untracked 
| 194|0x000000008c200000, 0x000000008c200000, 0x000000008c300000|  0%| F|  |TAMS 0x000000008c200000, 0x000000008c200000| Untracked 
| 195|0x000000008c300000, 0x000000008c300000, 0x000000008c400000|  0%| F|  |TAMS 0x000000008c300000, 0x000000008c300000| Untracked 
| 196|0x000000008c400000, 0x000000008c400000, 0x000000008c500000|  0%| F|  |TAMS 0x000000008c400000, 0x000000008c400000| Untracked 
| 197|0x000000008c500000, 0x000000008c500000, 0x000000008c600000|  0%| F|  |TAMS 0x000000008c500000, 0x000000008c500000| Untracked 
| 198|0x000000008c600000, 0x000000008c600000, 0x000000008c700000|  0%| F|  |TAMS 0x000000008c600000, 0x000000008c600000| Untracked 
| 199|0x000000008c700000, 0x000000008c700000, 0x000000008c800000|  0%| F|  |TAMS 0x000000008c700000, 0x000000008c700000| Untracked 
| 200|0x000000008c800000, 0x000000008c800000, 0x000000008c900000|  0%| F|  |TAMS 0x000000008c800000, 0x000000008c800000| Untracked 
| 201|0x000000008c900000, 0x000000008c900000, 0x000000008ca00000|  0%| F|  |TAMS 0x000000008c900000, 0x000000008c900000| Untracked 
| 202|0x000000008ca00000, 0x000000008ca00000, 0x000000008cb00000|  0%| F|  |TAMS 0x000000008ca00000, 0x000000008ca00000| Untracked 
| 203|0x000000008cb00000, 0x000000008cb00000, 0x000000008cc00000|  0%| F|  |TAMS 0x000000008cb00000, 0x000000008cb00000| Untracked 
| 204|0x000000008cc00000, 0x000000008cc00000, 0x000000008cd00000|  0%| F|  |TAMS 0x000000008cc00000, 0x000000008cc00000| Untracked 
| 205|0x000000008cd00000, 0x000000008cd00000, 0x000000008ce00000|  0%| F|  |TAMS 0x000000008cd00000, 0x000000008cd00000| Untracked 
| 206|0x000000008ce00000, 0x000000008ce00000, 0x000000008cf00000|  0%| F|  |TAMS 0x000000008ce00000, 0x000000008ce00000| Untracked 
| 207|0x000000008cf00000, 0x000000008cf00000, 0x000000008d000000|  0%| F|  |TAMS 0x000000008cf00000, 0x000000008cf00000| Untracked 
| 208|0x000000008d000000, 0x000000008d000000, 0x000000008d100000|  0%| F|  |TAMS 0x000000008d000000, 0x000000008d000000| Untracked 
| 209|0x000000008d100000, 0x000000008d100000, 0x000000008d200000|  0%| F|  |TAMS 0x000000008d100000, 0x000000008d100000| Untracked 
| 210|0x000000008d200000, 0x000000008d200000, 0x000000008d300000|  0%| F|  |TAMS 0x000000008d200000, 0x000000008d200000| Untracked 
| 211|0x000000008d300000, 0x000000008d300000, 0x000000008d400000|  0%| F|  |TAMS 0x000000008d300000, 0x000000008d300000| Untracked 
| 212|0x000000008d400000, 0x000000008d400000, 0x000000008d500000|  0%| F|  |TAMS 0x000000008d400000, 0x000000008d400000| Untracked 
| 213|0x000000008d500000, 0x000000008d500000, 0x000000008d600000|  0%| F|  |TAMS 0x000000008d500000, 0x000000008d500000| Untracked 
| 214|0x000000008d600000, 0x000000008d600000, 0x000000008d700000|  0%| F|  |TAMS 0x000000008d600000, 0x000000008d600000| Untracked 
| 215|0x000000008d700000, 0x000000008d700000, 0x000000008d800000|  0%| F|  |TAMS 0x000000008d700000, 0x000000008d700000| Untracked 
| 216|0x000000008d800000, 0x000000008d800000, 0x000000008d900000|  0%| F|  |TAMS 0x000000008d800000, 0x000000008d800000| Untracked 
| 217|0x000000008d900000, 0x000000008d900000, 0x000000008da00000|  0%| F|  |TAMS 0x000000008d900000, 0x000000008d900000| Untracked 
| 218|0x000000008da00000, 0x000000008da00000, 0x000000008db00000|  0%| F|  |TAMS 0x000000008da00000, 0x000000008da00000| Untracked 
| 219|0x000000008db00000, 0x000000008db00000, 0x000000008dc00000|  0%| F|  |TAMS 0x000000008db00000, 0x000000008db00000| Untracked 
| 220|0x000000008dc00000, 0x000000008dc00000, 0x000000008dd00000|  0%| F|  |TAMS 0x000000008dc00000, 0x000000008dc00000| Untracked 
| 221|0x000000008dd00000, 0x000000008dd00000, 0x000000008de00000|  0%| F|  |TAMS 0x000000008dd00000, 0x000000008dd00000| Untracked 
| 222|0x000000008de00000, 0x000000008de00000, 0x000000008df00000|  0%| F|  |TAMS 0x000000008de00000, 0x000000008de00000| Untracked 

Card table byte_map: [0x000001b6757d0000,0x000001b675bd0000] _byte_map_base: 0x000001b6753d0000

Marking Bits (Prev, Next): (CMBitMap*) 0x000001b662f66b60, (CMBitMap*) 0x000001b662f66b20
 Prev Bits: [0x000001b677fd0000, 0x000001b679fd0000)
 Next Bits: [0x000001b675fd0000, 0x000001b677fd0000)

Polling page: 0x000001b6626d0000

Metaspace:

Usage:
  Non-class:     77.23 MB used.
      Class:     12.04 MB used.
       Both:     89.27 MB used.

Virtual space:
  Non-class space:       80.00 MB reserved,      77.62 MB ( 97%) committed,  10 nodes.
      Class space:        1.00 GB reserved,      12.38 MB (  1%) committed,  1 nodes.
             Both:        1.08 GB reserved,      90.00 MB (  8%) committed. 

Chunk freelists:
   Non-Class:  1.72 MB
       Class:  3.47 MB
        Both:  5.19 MB

MaxMetaspaceSize: unlimited
CompressedClassSpaceSize: 1.00 GB
Initial GC threshold: 21.00 MB
Current GC threshold: 142.12 MB
CDS: off
MetaspaceReclaimPolicy: balanced
 - commit_granule_bytes: 65536.
 - commit_granule_words: 8192.
 - virtual_space_node_default_size: 1048576.
 - enlarge_chunks_in_place: 1.
 - new_chunks_are_fully_committed: 0.
 - uncommit_free_chunks: 1.
 - use_allocation_guard: 0.
 - handle_deallocations: 1.


Internal statistics:

num_allocs_failed_limit: 6.
num_arena_births: 936.
num_arena_deaths: 2.
num_vsnodes_births: 11.
num_vsnodes_deaths: 0.
num_space_committed: 1440.
num_space_uncommitted: 0.
num_chunks_returned_to_freelist: 8.
num_chunks_taken_from_freelist: 4099.
num_chunk_merges: 6.
num_chunk_splits: 2661.
num_chunks_enlarged: 1788.
num_purges: 2.
num_inconsistent_stats: 0.

CodeHeap 'non-profiled nmethods': size=120064Kb used=7813Kb max_used=7813Kb free=112250Kb
 bounds [0x000001b66de90000, 0x000001b66e640000, 0x000001b6753d0000]
CodeHeap 'profiled nmethods': size=120000Kb used=20952Kb max_used=20952Kb free=99048Kb
 bounds [0x000001b6663d0000, 0x000001b667850000, 0x000001b66d900000]
CodeHeap 'non-nmethods': size=5696Kb used=2366Kb max_used=2413Kb free=3329Kb
 bounds [0x000001b66d900000, 0x000001b66db70000, 0x000001b66de90000]
 total_blobs=11713 nmethods=10810 adapters=816
 compilation: enabled
              stopped_count=0, restarted_count=0
 full_count=0

Compilation events (20 events):
Event: 156.034 Thread 0x000001b67cc4c740 nmethod 12795 0x000001b667841d10 code [0x000001b667841f00, 0x000001b6678422d8]
Event: 156.034 Thread 0x000001b67cc4c740 12796       3       org.gradle.internal.instantiation.generator.DependencyInjectingInstantiator::access$000 (10 bytes)
Event: 156.034 Thread 0x000001b67cc4c740 nmethod 12796 0x000001b667842590 code [0x000001b667842720, 0x000001b667842848]
Event: 156.034 Thread 0x000001b67cc4c740 12797       3       org.gradle.api.internal.artifacts.transform.TransformationResult$OutputTypeInferringBuilder::<init> (76 bytes)
Event: 156.036 Thread 0x000001b67cc4c740 nmethod 12797 0x000001b667842910 code [0x000001b667842c20, 0x000001b667843d78]
Event: 156.037 Thread 0x000001b67cc4c740 12798   !   3       jdk.proxy1.$Proxy49::afterTransformerInvocation (38 bytes)
Event: 156.038 Thread 0x000001b67cc4c740 nmethod 12798 0x000001b667844310 code [0x000001b667844500, 0x000001b667844b78]
Event: 156.039 Thread 0x000001b67cc4c740 12799       3       org.gradle.api.internal.artifacts.transform.TransformationResult::builderFor (10 bytes)
Event: 156.039 Thread 0x000001b67cc4c740 nmethod 12799 0x000001b667844e90 code [0x000001b667845040, 0x000001b6678451c8]
Event: 156.039 Thread 0x000001b67cc4c740 12800       3       java.time.Duration::ofSeconds (31 bytes)
Event: 156.039 Thread 0x000001b67cc4c740 nmethod 12800 0x000001b667845290 code [0x000001b667845460, 0x000001b667845638]
Event: 156.043 Thread 0x000001b67c1afe00 12801       4       org.gradle.cache.internal.CrossProcessSynchronizingCache::getIfPresent (17 bytes)
Event: 156.050 Thread 0x000001b67cc4c740 12803       3       org.gradle.api.internal.artifacts.transform.TransformingAsyncArtifactListener$TransformedArtifact$$Lambda$1158/0x0000000100bb0e38::accept (16 bytes)
Event: 156.050 Thread 0x000001b67cc4c740 nmethod 12803 0x000001b667845790 code [0x000001b667845940, 0x000001b667845b88]
Event: 156.051 Thread 0x000001b67cc4c740 12804       3       org.gradle.api.internal.file.collections.DefaultConfigurableFileCollection$1::visitCollection (50 bytes)
Event: 156.052 Thread 0x000001b67cc4c740 nmethod 12804 0x000001b667845c90 code [0x000001b667845ee0, 0x000001b667846ae8]
Event: 156.053 Thread 0x000001b67cc4c740 12805       3       org.gradle.internal.component.external.model.DefaultModuleComponentArtifactIdentifier::toString (5 bytes)
Event: 156.053 Thread 0x000001b67cc4c740 nmethod 12805 0x000001b667846e90 code [0x000001b667847040, 0x000001b667847188]
Event: 156.089 Thread 0x000001b67c1afe00 nmethod 12801 0x000001b66e62ef10 code [0x000001b66e62f1e0, 0x000001b66e630508]
Event: 156.090 Thread 0x000001b67c1afe00 12806   !   4       java.util.Formatter::format (283 bytes)

GC Heap History (20 events):
Event: 140.165 GC heap after
{Heap after GC invocations=57 (full 0):
 garbage-first heap   total 181248K, used 83883K [0x0000000080000000, 0x0000000100000000)
  region size 1024K, 3 young (3072K), 3 survivors (3072K)
 Metaspace       used 86681K, committed 87296K, reserved 1130496K
  class space    used 11781K, committed 12032K, reserved 1048576K
}
Event: 140.768 GC heap before
{Heap before GC invocations=58 (full 0):
 garbage-first heap   total 181248K, used 121771K [0x0000000080000000, 0x0000000100000000)
  region size 1024K, 27 young (27648K), 3 survivors (3072K)
 Metaspace       used 86684K, committed 87296K, reserved 1130496K
  class space    used 11783K, committed 12032K, reserved 1048576K
}
Event: 140.780 GC heap after
{Heap after GC invocations=59 (full 0):
 garbage-first heap   total 181248K, used 88119K [0x0000000080000000, 0x0000000100000000)
  region size 1024K, 3 young (3072K), 3 survivors (3072K)
 Metaspace       used 86684K, committed 87296K, reserved 1130496K
  class space    used 11783K, committed 12032K, reserved 1048576K
}
Event: 141.176 GC heap before
{Heap before GC invocations=60 (full 0):
 garbage-first heap   total 181248K, used 95287K [0x0000000080000000, 0x0000000100000000)
  region size 1024K, 9 young (9216K), 3 survivors (3072K)
 Metaspace       used 86687K, committed 87296K, reserved 1130496K
  class space    used 11784K, committed 12032K, reserved 1048576K
}
Event: 141.184 GC heap after
{Heap after GC invocations=61 (full 0):
 garbage-first heap   total 181248K, used 89143K [0x0000000080000000, 0x0000000100000000)
  region size 1024K, 3 young (3072K), 3 survivors (3072K)
 Metaspace       used 86687K, committed 87296K, reserved 1130496K
  class space    used 11784K, committed 12032K, reserved 1048576K
}
Event: 145.214 GC heap before
{Heap before GC invocations=62 (full 0):
 garbage-first heap   total 181248K, used 126007K [0x0000000080000000, 0x0000000100000000)
  region size 1024K, 31 young (31744K), 3 survivors (3072K)
 Metaspace       used 86838K, committed 87616K, reserved 1130496K
  class space    used 11794K, committed 12096K, reserved 1048576K
}
Event: 145.229 GC heap after
{Heap after GC invocations=63 (full 0):
 garbage-first heap   total 181248K, used 78416K [0x0000000080000000, 0x0000000100000000)
  region size 1024K, 5 young (5120K), 5 survivors (5120K)
 Metaspace       used 86838K, committed 87616K, reserved 1130496K
  class space    used 11794K, committed 12096K, reserved 1048576K
}
Event: 145.258 GC heap before
{Heap before GC invocations=63 (full 0):
 garbage-first heap   total 181248K, used 101968K [0x0000000080000000, 0x0000000100000000)
  region size 1024K, 22 young (22528K), 5 survivors (5120K)
 Metaspace       used 86838K, committed 87616K, reserved 1130496K
  class space    used 11794K, committed 12096K, reserved 1048576K
}
Event: 145.277 GC heap after
{Heap after GC invocations=64 (full 0):
 garbage-first heap   total 228352K, used 82999K [0x0000000080000000, 0x0000000100000000)
  region size 1024K, 5 young (5120K), 5 survivors (5120K)
 Metaspace       used 86838K, committed 87616K, reserved 1130496K
  class space    used 11794K, committed 12096K, reserved 1048576K
}
Event: 145.414 GC heap before
{Heap before GC invocations=64 (full 0):
 garbage-first heap   total 228352K, used 153655K [0x0000000080000000, 0x0000000100000000)
  region size 1024K, 53 young (54272K), 5 survivors (5120K)
 Metaspace       used 86838K, committed 87616K, reserved 1130496K
  class space    used 11794K, committed 12096K, reserved 1048576K
}
Event: 145.449 GC heap after
{Heap after GC invocations=65 (full 0):
 garbage-first heap   total 228352K, used 85484K [0x0000000080000000, 0x0000000100000000)
  region size 1024K, 5 young (5120K), 5 survivors (5120K)
 Metaspace       used 86838K, committed 87616K, reserved 1130496K
  class space    used 11794K, committed 12096K, reserved 1048576K
}
Event: 150.544 GC heap before
{Heap before GC invocations=65 (full 0):
 garbage-first heap   total 228352K, used 157164K [0x0000000080000000, 0x0000000100000000)
  region size 1024K, 60 young (61440K), 5 survivors (5120K)
 Metaspace       used 86864K, committed 87616K, reserved 1130496K
  class space    used 11796K, committed 12096K, reserved 1048576K
}
Event: 150.561 GC heap after
{Heap after GC invocations=66 (full 0):
 garbage-first heap   total 228352K, used 86946K [0x0000000080000000, 0x0000000100000000)
  region size 1024K, 6 young (6144K), 6 survivors (6144K)
 Metaspace       used 86864K, committed 87616K, reserved 1130496K
  class space    used 11796K, committed 12096K, reserved 1048576K
}
Event: 150.602 GC heap before
{Heap before GC invocations=66 (full 0):
 garbage-first heap   total 228352K, used 139170K [0x0000000080000000, 0x0000000100000000)
  region size 1024K, 38 young (38912K), 6 survivors (6144K)
 Metaspace       used 86864K, committed 87616K, reserved 1130496K
  class space    used 11796K, committed 12096K, reserved 1048576K
}
Event: 150.615 GC heap after
{Heap after GC invocations=67 (full 0):
 garbage-first heap   total 228352K, used 85047K [0x0000000080000000, 0x0000000100000000)
  region size 1024K, 6 young (6144K), 6 survivors (6144K)
 Metaspace       used 86864K, committed 87616K, reserved 1130496K
  class space    used 11796K, committed 12096K, reserved 1048576K
}
Event: 154.462 GC heap before
{Heap before GC invocations=67 (full 0):
 garbage-first heap   total 228352K, used 215095K [0x0000000080000000, 0x0000000100000000)
  region size 1024K, 114 young (116736K), 6 survivors (6144K)
 Metaspace       used 90978K, committed 91712K, reserved 1130496K
  class space    used 12280K, committed 12608K, reserved 1048576K
}
Event: 154.487 GC heap after
{Heap after GC invocations=68 (full 0):
 garbage-first heap   total 228352K, used 82999K [0x0000000080000000, 0x0000000100000000)
  region size 1024K, 8 young (8192K), 8 survivors (8192K)
 Metaspace       used 90978K, committed 91712K, reserved 1130496K
  class space    used 12280K, committed 12608K, reserved 1048576K
}
Event: 154.561 GC heap before
{Heap before GC invocations=68 (full 0):
 garbage-first heap   total 228352K, used 174135K [0x0000000080000000, 0x0000000100000000)
  region size 1024K, 72 young (73728K), 8 survivors (8192K)
 Metaspace       used 90980K, committed 91712K, reserved 1130496K
  class space    used 12280K, committed 12608K, reserved 1048576K
}
Event: 154.583 GC heap after
{Heap after GC invocations=69 (full 0):
 garbage-first heap   total 228352K, used 87749K [0x0000000080000000, 0x0000000100000000)
  region size 1024K, 9 young (9216K), 9 survivors (9216K)
 Metaspace       used 90980K, committed 91712K, reserved 1130496K
  class space    used 12280K, committed 12608K, reserved 1048576K
}
Event: 156.156 GC heap before
{Heap before GC invocations=69 (full 0):
 garbage-first heap   total 228352K, used 178885K [0x0000000080000000, 0x0000000100000000)
  region size 1024K, 78 young (79872K), 9 survivors (9216K)
 Metaspace       used 91409K, committed 92160K, reserved 1130496K
  class space    used 12326K, committed 12672K, reserved 1048576K
}

Dll operation events (3 events):
Event: 0.068 Loaded shared library C:\Program Files\Android\Android Studio\jbr\bin\java.dll
Event: 0.072 Loaded shared library C:\Program Files\Android\Android Studio\jbr\bin\zip.dll
Event: 10.615 Loaded shared library C:\Program Files\Android\Android Studio\jbr\bin\verify.dll

Deoptimization events (20 events):
Event: 154.765 Thread 0x000001b6009679d0 Uncommon trap: trap_request=0xffffffde fr.pc=0x000001b66e5a0390 relative=0x0000000000000750
Event: 154.765 Thread 0x000001b6009679d0 Uncommon trap: reason=class_check action=maybe_recompile pc=0x000001b66e5a0390 method=org.gradle.tooling.internal.provider.runner.ClientBuildEventGenerator.finished(Lorg/gradle/internal/operations/BuildOperationDescriptor;Lorg/gradle/internal/operations/O
Event: 154.765 Thread 0x000001b6009679d0 DEOPT PACKING pc=0x000001b66e5a0390 sp=0x000000168dafdfe0
Event: 154.765 Thread 0x000001b6009679d0 DEOPT UNPACKING pc=0x000001b66d95699d sp=0x000000168dafdf30 mode 2
Event: 154.765 Thread 0x000001b6009679d0 Uncommon trap: trap_request=0xffffffde fr.pc=0x000001b66e5a0390 relative=0x0000000000000750
Event: 154.765 Thread 0x000001b6009679d0 Uncommon trap: reason=class_check action=maybe_recompile pc=0x000001b66e5a0390 method=org.gradle.tooling.internal.provider.runner.ClientBuildEventGenerator.finished(Lorg/gradle/internal/operations/BuildOperationDescriptor;Lorg/gradle/internal/operations/O
Event: 154.765 Thread 0x000001b6009679d0 DEOPT PACKING pc=0x000001b66e5a0390 sp=0x000000168dafdfe0
Event: 154.765 Thread 0x000001b6009679d0 DEOPT UNPACKING pc=0x000001b66d95699d sp=0x000000168dafdf30 mode 2
Event: 155.184 Thread 0x000001b600966690 Uncommon trap: trap_request=0xffffff45 fr.pc=0x000001b66e5140ec relative=0x000000000000074c
Event: 155.184 Thread 0x000001b600966690 Uncommon trap: reason=unstable_if action=reinterpret pc=0x000001b66e5140ec method=java.util.concurrent.ConcurrentHashMap.addCount(JI)V @ 110 c2
Event: 155.184 Thread 0x000001b600966690 DEOPT PACKING pc=0x000001b66e5140ec sp=0x000000168b1f74e0
Event: 155.184 Thread 0x000001b600966690 DEOPT UNPACKING pc=0x000001b66d95699d sp=0x000000168b1f73a8 mode 2
Event: 155.436 Thread 0x000001b600966690 Uncommon trap: trap_request=0xffffff45 fr.pc=0x000001b66e6130c0 relative=0x0000000000001420
Event: 155.436 Thread 0x000001b600966690 Uncommon trap: reason=unstable_if action=reinterpret pc=0x000001b66e6130c0 method=java.util.concurrent.ConcurrentHashMap.computeIfAbsent(Ljava/lang/Object;Ljava/util/function/Function;)Ljava/lang/Object; @ 104 c2
Event: 155.436 Thread 0x000001b600966690 DEOPT PACKING pc=0x000001b66e6130c0 sp=0x000000168b1f9d10
Event: 155.436 Thread 0x000001b600966690 DEOPT UNPACKING pc=0x000001b66d95699d sp=0x000000168b1f9c98 mode 2
Event: 155.581 Thread 0x000001b600966690 Uncommon trap: trap_request=0xffffff45 fr.pc=0x000001b66e373284 relative=0x0000000000001ca4
Event: 155.581 Thread 0x000001b600966690 Uncommon trap: reason=unstable_if action=reinterpret pc=0x000001b66e373284 method=java.util.concurrent.locks.AbstractQueuedSynchronizer.hasQueuedPredecessors()Z @ 33 c2
Event: 155.581 Thread 0x000001b600966690 DEOPT PACKING pc=0x000001b66e373284 sp=0x000000168b1f9450
Event: 155.581 Thread 0x000001b600966690 DEOPT UNPACKING pc=0x000001b66d95699d sp=0x000000168b1f9320 mode 2

Classes unloaded (1 events):
Event: 140.532 Thread 0x000001b67c10f780 Unloading class 0x0000000100ba0400 'java/lang/invoke/LambdaForm$DMH+0x0000000100ba0400'

Classes redefined (0 events):
No events

Internal exceptions (20 events):
Event: 133.277 Thread 0x000001b6004562c0 Exception <a 'java/io/IOException'{0x0000000088b07db8}> (0x0000000088b07db8) 
thrown [s\src\hotspot\share\prims\jni.cpp, line 517]
Event: 133.461 Thread 0x000001b6004562c0 Exception <a 'java/io/IOException'{0x0000000088b1db48}> (0x0000000088b1db48) 
thrown [s\src\hotspot\share\prims\jni.cpp, line 517]
Event: 133.841 Thread 0x000001b60096a520 Exception <a 'java/io/IOException'{0x0000000088b92a30}> (0x0000000088b92a30) 
thrown [s\src\hotspot\share\prims\jni.cpp, line 517]
Event: 133.854 Thread 0x000001b6004562c0 Exception <a 'java/io/IOException'{0x0000000088ba77f0}> (0x0000000088ba77f0) 
thrown [s\src\hotspot\share\prims\jni.cpp, line 517]
Event: 141.219 Thread 0x000001b6008bf480 Exception <a 'java/lang/NoSuchMethodError'{0x000000008a657bc0}: static Lorg/gradle/internal/build/event/types/DefaultTaskFailureResult;.<clinit>()V> (0x000000008a657bc0) 
thrown [s\src\hotspot\share\prims\jni.cpp, line 1108]
Event: 141.222 Thread 0x000001b6008bf480 Exception <a 'java/lang/NoSuchMethodError'{0x000000008a692e38}: static [Ljava/lang/Object;.<clinit>()V> (0x000000008a692e38) 
thrown [s\src\hotspot\share\prims\jni.cpp, line 1108]
Event: 141.223 Thread 0x000001b6008bf480 Exception <a 'java/lang/NoSuchMethodError'{0x000000008a6a2f70}: static Lorg/gradle/internal/build/event/types/DefaultFailure;.<clinit>()V> (0x000000008a6a2f70) 
thrown [s\src\hotspot\share\prims\jni.cpp, line 1108]
Event: 144.974 Thread 0x000001b6004562c0 Exception <a 'java/io/IOException'{0x0000000089727890}> (0x0000000089727890) 
thrown [s\src\hotspot\share\prims\jni.cpp, line 517]
Event: 145.121 Thread 0x000001b6004562c0 Exception <a 'java/io/IOException'{0x0000000089759c60}> (0x0000000089759c60) 
thrown [s\src\hotspot\share\prims\jni.cpp, line 517]
Event: 145.200 Thread 0x000001b6004562c0 Exception <a 'java/io/IOException'{0x00000000897873f0}> (0x00000000897873f0) 
thrown [s\src\hotspot\share\prims\jni.cpp, line 517]
Event: 152.085 Thread 0x000001b60096a520 Implicit null exception at 0x000001b66e28aefb to 0x000001b66e28b5e8
Event: 152.436 Thread 0x000001b60096a520 Exception <a 'sun/nio/fs/WindowsException'{0x000000008ae19670}> (0x000000008ae19670) 
thrown [s\src\hotspot\share\prims\jni.cpp, line 517]
Event: 152.436 Thread 0x000001b60096a520 Exception <a 'sun/nio/fs/WindowsException'{0x000000008ae19a88}> (0x000000008ae19a88) 
thrown [s\src\hotspot\share\prims\jni.cpp, line 517]
Event: 152.709 Thread 0x000001b600966690 Exception <a 'sun/nio/fs/WindowsException'{0x000000008cc740e8}> (0x000000008cc740e8) 
thrown [s\src\hotspot\share\prims\jni.cpp, line 517]
Event: 152.710 Thread 0x000001b600966690 Exception <a 'sun/nio/fs/WindowsException'{0x000000008cc74558}> (0x000000008cc74558) 
thrown [s\src\hotspot\share\prims\jni.cpp, line 517]
Event: 153.119 Thread 0x000001b600966690 Exception <a 'sun/nio/fs/WindowsException'{0x000000008940e508}> (0x000000008940e508) 
thrown [s\src\hotspot\share\prims\jni.cpp, line 517]
Event: 153.119 Thread 0x000001b600966690 Exception <a 'sun/nio/fs/WindowsException'{0x000000008940e918}> (0x000000008940e918) 
thrown [s\src\hotspot\share\prims\jni.cpp, line 517]
Event: 154.749 Thread 0x000001b600966690 Exception <a 'java/lang/NoSuchMethodError'{0x000000008cb59560}: static Lcom/android/ide/common/resources/MergedAssetWriter$AssetWorkAction;.<clinit>()V> (0x000000008cb59560) 
thrown [s\src\hotspot\share\prims\jni.cpp, line 1108]
Event: 154.816 Thread 0x000001b600966690 Exception <a 'sun/nio/fs/WindowsException'{0x000000008c93de28}> (0x000000008c93de28) 
thrown [s\src\hotspot\share\prims\jni.cpp, line 517]
Event: 154.839 Thread 0x000001b600966690 Exception <a 'java/lang/NoSuchMethodError'{0x000000008c88d068}: 'int java.lang.invoke.DirectMethodHandle$Holder.invokeSpecial(java.lang.Object, java.lang.Object, java.lang.Object, java.lang.Object, java.lang.Object)'> (0x000000008c88d068) 
thrown [s\src\hotspot\share\interpreter\linkResolver.cpp, line 771]

VM Operations (20 events):
Event: 152.020 Executing VM operation: HandshakeAllThreads done
Event: 152.020 Executing VM operation: Cleanup
Event: 152.022 Executing VM operation: Cleanup done
Event: 152.738 Executing VM operation: HandshakeAllThreads
Event: 152.738 Executing VM operation: HandshakeAllThreads done
Event: 153.384 Executing VM operation: HandshakeAllThreads
Event: 153.385 Executing VM operation: HandshakeAllThreads done
Event: 153.385 Executing VM operation: Cleanup
Event: 153.388 Executing VM operation: Cleanup done
Event: 153.725 Executing VM operation: HandshakeAllThreads
Event: 153.725 Executing VM operation: HandshakeAllThreads done
Event: 154.461 Executing VM operation: G1CollectForAllocation
Event: 154.488 Executing VM operation: G1CollectForAllocation done
Event: 154.561 Executing VM operation: G1TryInitiateConcMark
Event: 154.583 Executing VM operation: G1TryInitiateConcMark done
Event: 154.835 Executing VM operation: HandshakeAllThreads
Event: 154.836 Executing VM operation: HandshakeAllThreads done
Event: 155.846 Executing VM operation: Cleanup
Event: 155.855 Executing VM operation: Cleanup done
Event: 156.156 Executing VM operation: G1TryInitiateConcMark

Events (20 events):
Event: 154.837 loading class org/gradle/internal/snapshot/SnapshottingFilter
Event: 154.837 loading class org/gradle/internal/snapshot/SnapshottingFilter done
Event: 154.837 loading class org/gradle/internal/snapshot/FileSystemSnapshot
Event: 154.837 loading class org/gradle/internal/snapshot/FileSystemSnapshot done
Event: 154.838 loading class org/gradle/internal/fingerprint/impl/PatternSetSnapshottingFilter
Event: 154.838 loading class org/gradle/internal/fingerprint/impl/PatternSetSnapshottingFilter done
Event: 154.838 loading class org/gradle/internal/snapshot/SnapshottingFilter$FileSystemSnapshotPredicate
Event: 154.838 loading class org/gradle/internal/snapshot/SnapshottingFilter$FileSystemSnapshotPredicate done
Event: 154.838 loading class org/gradle/internal/snapshot/FileSystemLocationSnapshot
Event: 154.838 loading class org/gradle/internal/snapshot/FileSystemLocationSnapshot done
Event: 154.838 loading class org/gradle/api/specs/Spec
Event: 154.838 loading class org/gradle/api/specs/Spec done
Event: 154.840 loading class org/gradle/internal/snapshot/impl/FileSystemSnapshotFilter
Event: 154.840 loading class org/gradle/internal/snapshot/impl/FileSystemSnapshotFilter done
Event: 154.841 loading class org/gradle/internal/snapshot/impl/FileSystemSnapshotFilter$FilteringVisitor
Event: 154.841 loading class org/gradle/internal/snapshot/impl/FileSystemSnapshotFilter$FilteringVisitor done
Event: 154.842 loading class org/gradle/internal/snapshot/impl/FileSystemSnapshotFilter$FilteringVisitor$1
Event: 154.842 loading class org/gradle/internal/snapshot/impl/FileSystemSnapshotFilter$FilteringVisitor$1 done
Event: 154.843 loading class org/gradle/internal/snapshot/FileSystemLocationSnapshot
Event: 154.843 loading class org/gradle/internal/snapshot/FileSystemLocationSnapshot done


Dynamic libraries:
0x00007ff64f5a0000 - 0x00007ff64f5aa000 	C:\Program Files\Android\Android Studio\jbr\bin\java.exe
0x00007ff874b90000 - 0x00007ff874da7000 	C:\WINDOWS\SYSTEM32\ntdll.dll
0x00007ff8739a0000 - 0x00007ff873a64000 	C:\WINDOWS\System32\KERNEL32.DLL
0x00007ff872470000 - 0x00007ff872815000 	C:\WINDOWS\System32\KERNELBASE.dll
0x00007ff8721b0000 - 0x00007ff8722c1000 	C:\WINDOWS\System32\ucrtbase.dll
0x00007ff84dd00000 - 0x00007ff84dd1b000 	C:\Program Files\Android\Android Studio\jbr\bin\VCRUNTIME140.dll
0x00007ff86a110000 - 0x00007ff86a127000 	C:\Program Files\Android\Android Studio\jbr\bin\jli.dll
0x00007ff872bf0000 - 0x00007ff872d9e000 	C:\WINDOWS\System32\USER32.dll
0x00007ff872440000 - 0x00007ff872466000 	C:\WINDOWS\System32\win32u.dll
0x00007ff872ed0000 - 0x00007ff872ef9000 	C:\WINDOWS\System32\GDI32.dll
0x00007ff871fa0000 - 0x00007ff8720b9000 	C:\WINDOWS\System32\gdi32full.dll
0x00007ff871f00000 - 0x00007ff871f9a000 	C:\WINDOWS\System32\msvcp_win.dll
0x00007ff859bf0000 - 0x00007ff859e83000 	C:\WINDOWS\WinSxS\amd64_microsoft.windows.common-controls_6595b64144ccf1df_6.0.22621.2506_none_270c5ae97388e100\COMCTL32.dll
0x00007ff874540000 - 0x00007ff8745e7000 	C:\WINDOWS\System32\msvcrt.dll
0x00007ff874270000 - 0x00007ff8742a1000 	C:\WINDOWS\System32\IMM32.DLL
0x00007ff86eeb0000 - 0x00007ff86eebc000 	C:\Program Files\Android\Android Studio\jbr\bin\vcruntime140_1.dll
0x00007ff848af0000 - 0x00007ff848b7d000 	C:\Program Files\Android\Android Studio\jbr\bin\msvcp140.dll
0x00007ff8021b0000 - 0x00007ff802e1d000 	C:\Program Files\Android\Android Studio\jbr\bin\server\jvm.dll
0x00007ff8745f0000 - 0x00007ff8746a1000 	C:\WINDOWS\System32\ADVAPI32.dll
0x00007ff872f00000 - 0x00007ff872fa6000 	C:\WINDOWS\System32\sechost.dll
0x00007ff874310000 - 0x00007ff874427000 	C:\WINDOWS\System32\RPCRT4.dll
0x00007ff85e3d0000 - 0x00007ff85e3d9000 	C:\WINDOWS\SYSTEM32\WSOCK32.dll
0x00007ff872b10000 - 0x00007ff872b81000 	C:\WINDOWS\System32\WS2_32.dll
0x00007ff85a580000 - 0x00007ff85a5b4000 	C:\WINDOWS\SYSTEM32\WINMM.dll
0x00007ff85db80000 - 0x00007ff85db8a000 	C:\WINDOWS\SYSTEM32\VERSION.dll
0x00007ff870ea0000 - 0x00007ff870eb8000 	C:\WINDOWS\SYSTEM32\kernel.appcore.dll
0x00007ff86eda0000 - 0x00007ff86edaa000 	C:\Program Files\Android\Android Studio\jbr\bin\jimage.dll
0x00007ff86f860000 - 0x00007ff86fa93000 	C:\WINDOWS\SYSTEM32\DBGHELP.DLL
0x00007ff873ee0000 - 0x00007ff874269000 	C:\WINDOWS\System32\combase.dll
0x00007ff873ae0000 - 0x00007ff873bb7000 	C:\WINDOWS\System32\OLEAUT32.dll
0x00007ff858e00000 - 0x00007ff858e32000 	C:\WINDOWS\SYSTEM32\dbgcore.DLL
0x00007ff872130000 - 0x00007ff8721aa000 	C:\WINDOWS\System32\bcryptPrimitives.dll
0x00007ff86ce80000 - 0x00007ff86ce8e000 	C:\Program Files\Android\Android Studio\jbr\bin\instrument.dll
0x00007ff86a160000 - 0x00007ff86a185000 	C:\Program Files\Android\Android Studio\jbr\bin\java.dll
0x00007ff8690c0000 - 0x00007ff8690d8000 	C:\Program Files\Android\Android Studio\jbr\bin\zip.dll
0x00007ff873030000 - 0x00007ff873889000 	C:\WINDOWS\System32\SHELL32.dll
0x00007ff86fe20000 - 0x00007ff870714000 	C:\WINDOWS\SYSTEM32\windows.storage.dll
0x00007ff86fce0000 - 0x00007ff86fe1e000 	C:\WINDOWS\SYSTEM32\wintypes.dll
0x00007ff873890000 - 0x00007ff873983000 	C:\WINDOWS\System32\SHCORE.dll
0x00007ff872b90000 - 0x00007ff872bee000 	C:\WINDOWS\System32\shlwapi.dll
0x00007ff871e30000 - 0x00007ff871e56000 	C:\WINDOWS\SYSTEM32\profapi.dll
0x00007ff86cb20000 - 0x00007ff86cb29000 	C:\Program Files\Android\Android Studio\jbr\bin\management.dll
0x00007ff86b620000 - 0x00007ff86b62b000 	C:\Program Files\Android\Android Studio\jbr\bin\management_ext.dll
0x00007ff873990000 - 0x00007ff873998000 	C:\WINDOWS\System32\PSAPI.DLL
0x00007ff869d80000 - 0x00007ff869d99000 	C:\Program Files\Android\Android Studio\jbr\bin\net.dll
0x00007ff8683e0000 - 0x00007ff868517000 	C:\WINDOWS\SYSTEM32\WINHTTP.dll
0x00007ff871380000 - 0x00007ff8713e9000 	C:\WINDOWS\system32\mswsock.dll
0x00007ff869100000 - 0x00007ff869116000 	C:\Program Files\Android\Android Studio\jbr\bin\nio.dll
0x00007ff82ff60000 - 0x00007ff82ff77000 	C:\WINDOWS\system32\napinsp.dll
0x00007ff815f80000 - 0x00007ff815f9b000 	C:\WINDOWS\system32\pnrpnsp.dll
0x00007ff870a40000 - 0x00007ff870b39000 	C:\WINDOWS\SYSTEM32\DNSAPI.dll
0x00007ff870a10000 - 0x00007ff870a3d000 	C:\WINDOWS\SYSTEM32\IPHLPAPI.DLL
0x00007ff872ea0000 - 0x00007ff872ea9000 	C:\WINDOWS\System32\NSI.dll
0x00007ff80b500000 - 0x00007ff80b511000 	C:\WINDOWS\System32\winrnr.dll
0x00007ff8685e0000 - 0x00007ff8685f5000 	C:\WINDOWS\system32\wshbth.dll
0x00007ff83f680000 - 0x00007ff83f6a1000 	C:\WINDOWS\system32\nlansp_c.dll
0x00007ff860190000 - 0x00007ff86019a000 	C:\Windows\System32\rasadhlp.dll
0x00007ff8642f0000 - 0x00007ff864373000 	C:\WINDOWS\System32\fwpuclnt.dll
0x00007ff86cb30000 - 0x00007ff86cb40000 	C:\Program Files\Android\Android Studio\jbr\bin\verify.dll
0x00007ff85c150000 - 0x00007ff85c177000 	C:\Users\patri\.gradle\native\68d5fa5c4cc2d200863cafc0d521ce42e7d3e7ee720ec0a83991735586a16f82\windows-amd64\native-platform.dll
0x00007ff844010000 - 0x00007ff844154000 	C:\Users\patri\.gradle\native\e376f236ea51e6404a007f0833ffe2c6e607c4080706a723a18a27aeea778392\windows-amd64\native-platform-file-events.dll
0x00007ff8715d0000 - 0x00007ff8715eb000 	C:\WINDOWS\SYSTEM32\CRYPTSP.dll
0x00007ff870e60000 - 0x00007ff870e95000 	C:\WINDOWS\system32\rsaenh.dll
0x00007ff871470000 - 0x00007ff87149c000 	C:\WINDOWS\SYSTEM32\USERENV.dll
0x00007ff8717c0000 - 0x00007ff8717e8000 	C:\WINDOWS\SYSTEM32\bcrypt.dll
0x00007ff8715f0000 - 0x00007ff8715fc000 	C:\WINDOWS\SYSTEM32\CRYPTBASE.dll
0x00007ff868610000 - 0x00007ff868629000 	C:\WINDOWS\SYSTEM32\dhcpcsvc6.DLL
0x00007ff8683a0000 - 0x00007ff8683bf000 	C:\WINDOWS\SYSTEM32\dhcpcsvc.DLL
0x00007ff86b600000 - 0x00007ff86b608000 	C:\WINDOWS\system32\wshunix.dll

dbghelp: loaded successfully - version: 4.0.5 - missing functions: none
symbol engine: initialized successfully - sym options: 0x614 - pdb path: .;C:\Program Files\Android\Android Studio\jbr\bin;C:\WINDOWS\SYSTEM32;C:\WINDOWS\WinSxS\amd64_microsoft.windows.common-controls_6595b64144ccf1df_6.0.22621.2506_none_270c5ae97388e100;C:\Program Files\Android\Android Studio\jbr\bin\server;C:\Users\patri\.gradle\native\68d5fa5c4cc2d200863cafc0d521ce42e7d3e7ee720ec0a83991735586a16f82\windows-amd64;C:\Users\patri\.gradle\native\e376f236ea51e6404a007f0833ffe2c6e607c4080706a723a18a27aeea778392\windows-amd64

VM Arguments:
jvm_args: --add-opens=java.base/java.util.concurrent.atomic=ALL-UNNAMED -javaagent:C:\Program Files\Android\Android Studio\plugins\android\resources\trace_agent.jar=C:\Users\patri\AppData\Local\Temp\sync.trace.profile --add-opens=java.base/java.util=ALL-UNNAMED --add-opens=java.base/java.lang=ALL-UNNAMED --add-opens=java.base/java.lang.invoke=ALL-UNNAMED --add-opens=java.prefs/java.util.prefs=ALL-UNNAMED --add-opens=java.base/java.nio.charset=ALL-UNNAMED --add-opens=java.base/java.net=ALL-UNNAMED --add-opens=java.base/java.util.concurrent.atomic=ALL-UNNAMED -Xmx2048m -Dfile.encoding=UTF-8 -Duser.country=GB -Duser.language=en -Duser.variant 
java_command: org.gradle.launcher.daemon.bootstrap.GradleDaemon 8.0
java_class_path (initial): C:\Users\patri\.gradle\wrapper\dists\gradle-8.0-bin\ca5e32bp14vu59qr306oxotwh\gradle-8.0\lib\gradle-launcher-8.0.jar
Launcher Type: SUN_STANDARD

[Global flags]
     intx CICompilerCount                          = 2                                         {product} {ergonomic}
     uint ConcGCThreads                            = 1                                         {product} {ergonomic}
     uint G1ConcRefinementThreads                  = 2                                         {product} {ergonomic}
   size_t G1HeapRegionSize                         = 1048576                                   {product} {ergonomic}
    uintx GCDrainStackTargetSize                   = 64                                        {product} {ergonomic}
   size_t InitialHeapSize                          = 65011712                                  {product} {ergonomic}
   size_t MarkStackSize                            = 4194304                                   {product} {ergonomic}
   size_t MaxHeapSize                              = 2147483648                                {product} {command line}
   size_t MaxNewSize                               = 1287651328                                {product} {ergonomic}
   size_t MinHeapDeltaBytes                        = 1048576                                   {product} {ergonomic}
   size_t MinHeapSize                              = 8388608                                   {product} {ergonomic}
    uintx NonNMethodCodeHeapSize                   = 5826188                                {pd product} {ergonomic}
    uintx NonProfiledCodeHeapSize                  = 122916026                              {pd product} {ergonomic}
    uintx ProfiledCodeHeapSize                     = 122916026                              {pd product} {ergonomic}
    uintx ReservedCodeCacheSize                    = 251658240                              {pd product} {ergonomic}
     bool SegmentedCodeCache                       = true                                      {product} {ergonomic}
   size_t SoftMaxHeapSize                          = 2147483648                             {manageable} {ergonomic}
     bool UseCompressedClassPointers               = true                           {product lp64_product} {ergonomic}
     bool UseCompressedOops                        = true                           {product lp64_product} {ergonomic}
     bool UseG1GC                                  = true                                      {product} {ergonomic}
     bool UseLargePagesIndividualAllocation        = false                                  {pd product} {ergonomic}

Logging:
Log output configuration:
 #0: stdout all=warning uptime,level,tags
 #1: stderr all=off uptime,level,tags

Environment Variables:
PATH=C:\WINDOWS\system32;C:\WINDOWS;C:\WINDOWS\System32\Wbem;C:\WINDOWS\System32\WindowsPowerShell\v1.0\;C:\WINDOWS\System32\OpenSSH\;C:\Users\patri\AppData\Local\Microsoft\WindowsApps;
USERNAME=patri
OS=Windows_NT
PROCESSOR_IDENTIFIER=Intel64 Family 6 Model 122 Stepping 1, GenuineIntel
TMP=C:\Users\patri\AppData\Local\Temp
TEMP=C:\Users\patri\AppData\Local\Temp



---------------  S Y S T E M  ---------------

OS:
 Windows 11 , 64 bit Build 22621 (10.0.22621.2506)
OS uptime: 3 days 20:10 hours

CPU: total 2 (initial active 2) (2 cores per cpu, 1 threads per core) family 6 model 122 stepping 1 microcode 0x34, cx8, cmov, fxsr, mmx, 3dnowpref, sse, sse2, sse3, ssse3, sse4.1, sse4.2, popcnt, tsc, tscinvbit, aes, erms, clmul, sha, clflush, clflushopt

Memory: 4k page, system-wide physical 3918M (847M free)
TotalPageFile size 9695M (AvailPageFile size 279M)
current process WorkingSet (physical memory assigned to process): 421M, peak: 423M
current process commit charge ("private bytes"): 479M, peak: 892M

vm_info: OpenJDK 64-Bit Server VM (17.0.6+0-b2043.56-9586694) for windows-amd64 JRE (17.0.6+0-b2043.56-9586694), built on Feb  9 2023 20:06:20 by "androidbuild" with MS VC++ 16.10 / 16.11 (VS2019)

END.
